0 info it worked if it ends with ok
1 verbose cli [ 'D:\\software\\node\\node.exe',
1 verbose cli   'C:\\Users\\lc\\AppData\\Roaming\\npm\\node_modules\\cnpm\\node_modules\\npm\\bin\\npm-cli.js',
1 verbose cli   '--userconfig=C:\\Users\\lc\\.cnpmrc',
1 verbose cli   '--disturl=https://npm.taobao.org/mirrors/node',
1 verbose cli   '--registry=https://registry.npm.taobao.org',
1 verbose cli   'start' ]
2 info using npm@3.10.5
3 info using node@v8.3.0
4 verbose run-script [ 'prestart', 'start', 'poststart' ]
5 info lifecycle react-study@1.0.0~prestart: react-study@1.0.0
6 silly lifecycle react-study@1.0.0~prestart: no script for prestart, continuing
7 info lifecycle react-study@1.0.0~start: react-study@1.0.0
8 verbose lifecycle react-study@1.0.0~start: unsafe-perm in lifecycle true
9 verbose lifecycle react-study@1.0.0~start: PATH: C:\Users\lc\AppData\Roaming\npm\node_modules\cnpm\node_modules\npm\bin\node-gyp-bin;E:\github\react\node_modules\.bin;D:\software\node;D:\software\Git\mingw32\bin;D:\software\Git\usr\bin;C:\Users\lc\bin;C:\Program Files (x86)\Intel\iCLS Client;C:\Program Files\Intel\iCLS Client;C:\Windows\system32;C:\Windows;C:\Windows\System32\Wbem;C:\Windows\System32\WindowsPowerShell\v1.0;C:\Program Files (x86)\NVIDIA Corporation\PhysX\Common;C:\Program Files (x86)\Intel\Intel(R) Management Engine Components\DAL;C:\Program Files\Intel\Intel(R) Management Engine Components\DAL;C:\Program Files (x86)\Intel\Intel(R) Management Engine Components\IPT;C:\Program Files\Intel\Intel(R) Management Engine Components\IPT;C:\WINDOWS\system32;C:\WINDOWS;C:\WINDOWS\System32\Wbem;C:\WINDOWS\System32\WindowsPowerShell\v1.0;C:\Program Files\Intel\WiFi\bin;C:\Program Files\Common Files\Intel\WirelessCommon;D:\software\tortoisegit\bin;D:\software\node;C:\Users\lc\AppData\Local\Microsoft\WindowsApps;C:\Users\lc\AppData\Roaming\npm
10 verbose lifecycle react-study@1.0.0~start: CWD: E:\github\react
11 silly lifecycle react-study@1.0.0~start: Args: [ '/d /s /c',
11 silly lifecycle   'webpack-dev-server --inline --hot --open --env dev' ]
12 verbose stack Error: kill ENOSYS
12 verbose stack     at Object._errnoException (util.js:1022:11)
12 verbose stack     at process.kill (internal/process.js:184:18)
12 verbose stack     at process.listener (C:\Users\lc\AppData\Roaming\npm\node_modules\cnpm\node_modules\npm\node_modules\npmlog\node_modules\gauge\node_modules\signal-exit\index.js:86:15)
12 verbose stack     at emitNone (events.js:105:13)
12 verbose stack     at process.emit (events.js:207:7)
12 verbose stack     at processEmit (C:\Users\lc\AppData\Roaming\npm\node_modules\cnpm\node_modules\npm\node_modules\npmlog\node_modules\gauge\node_modules\signal-exit\index.js:146:32)
12 verbose stack     at Signal.wrap.onsignal (internal/process.js:209:44)
13 verbose cwd E:\github\react
14 error Windows_NT 10.0.15063
15 error argv "D:\\software\\node\\node.exe" "C:\\Users\\lc\\AppData\\Roaming\\npm\\node_modules\\cnpm\\node_modules\\npm\\bin\\npm-cli.js" "--userconfig=C:\\Users\\lc\\.cnpmrc" "--disturl=https://npm.taobao.org/mirrors/node" "--registry=https://registry.npm.taobao.org" "start"
16 error node v8.3.0
17 error npm  v3.10.5
18 error code ENOSYS
19 error errno ENOSYS
20 error syscall kill
21 error kill ENOSYS
22 error If you need help, you may report this error at:
22 error     <https://github.com/npm/npm/issues>
23 verbose exit [ 1, true ]
